Determining if the pthread_create exist failed with the following output:
Change Dir: /home/jinsonwu/Yolo_Mark/CMakeFiles/CMakeTmp

Run Build Command:"/usr/bin/make" "cmTC_a3aae/fast"
/usr/bin/make -f CMakeFiles/cmTC_a3aae.dir/build.make CMakeFiles/cmTC_a3aae.dir/build
make[1]: Entering directory '/home/jinsonwu/Yolo_Mark/CMakeFiles/CMakeTmp'
Building CXX object CMakeFiles/cmTC_a3aae.dir/CheckSymbolExists.cxx.o
/usr/bin/c++      -o CMakeFiles/cmTC_a3aae.dir/CheckSymbolExists.cxx.o -c /home/jinsonwu/Yolo_Mark/CMakeFiles/CMakeTmp/CheckSymbolExists.cxx
Linking CXX executable cmTC_a3aae
/usr/bin/cmake -E cmake_link_script CMakeFiles/cmTC_a3aae.dir/link.txt --verbose=1
/usr/bin/c++        CMakeFiles/cmTC_a3aae.dir/CheckSymbolExists.cxx.o  -o cmTC_a3aae -rdynamic 
CMakeFiles/cmTC_a3aae.dir/CheckSymbolExists.cxx.o: In function `main':
CheckSymbolExists.cxx:(.text+0x16): undefined reference to `pthread_create'
collect2: error: ld returned 1 exit status
CMakeFiles/cmTC_a3aae.dir/build.make:97: recipe for target 'cmTC_a3aae' failed
make[1]: *** [cmTC_a3aae] Error 1
make[1]: Leaving directory '/home/jinsonwu/Yolo_Mark/CMakeFiles/CMakeTmp'
Makefile:126: recipe for target 'cmTC_a3aae/fast' failed
make: *** [cmTC_a3aae/fast] Error 2

File /home/jinsonwu/Yolo_Mark/CMakeFiles/CMakeTmp/CheckSymbolExists.cxx:
/* */
#include <pthread.h>

int main(int argc, char** argv)
{
  (void)argv;
#ifndef pthread_create
  return ((int*)(&pthread_create))[argc];
#else
  (void)argc;
  return 0;
#endif
}

Determining if the function pthread_create exists in the pthreads failed with the following output:
Change Dir: /home/jinsonwu/Yolo_Mark/CMakeFiles/CMakeTmp

Run Build Command:"/usr/bin/make" "cmTC_a0151/fast"
/usr/bin/make -f CMakeFiles/cmTC_a0151.dir/build.make CMakeFiles/cmTC_a0151.dir/build
make[1]: Entering directory '/home/jinsonwu/Yolo_Mark/CMakeFiles/CMakeTmp'
Building CXX object CMakeFiles/cmTC_a0151.dir/CheckFunctionExists.cxx.o
/usr/bin/c++     -DCHECK_FUNCTION_EXISTS=pthread_create   -o CMakeFiles/cmTC_a0151.dir/CheckFunctionExists.cxx.o -c /home/jinsonwu/Yolo_Mark/CMakeFiles/CheckLibraryExists/CheckFunctionExists.cxx
Linking CXX executable cmTC_a0151
/usr/bin/cmake -E cmake_link_script CMakeFiles/cmTC_a0151.dir/link.txt --verbose=1
/usr/bin/c++    -DCHECK_FUNCTION_EXISTS=pthread_create    CMakeFiles/cmTC_a0151.dir/CheckFunctionExists.cxx.o  -o cmTC_a0151 -rdynamic -lpthreads 
/usr/bin/ld: cannot find -lpthreads
collect2: error: ld returned 1 exit status
CMakeFiles/cmTC_a0151.dir/build.make:97: recipe for target 'cmTC_a0151' failed
make[1]: *** [cmTC_a0151] Error 1
make[1]: Leaving directory '/home/jinsonwu/Yolo_Mark/CMakeFiles/CMakeTmp'
Makefile:126: recipe for target 'cmTC_a0151/fast' failed
make: *** [cmTC_a0151/fast] Error 2


